{"C:\\Users\\joao.ribeiro\\Desktop\\jr\\Atual\\React\\Ecommerce\\API-REST_E-commerce_Server\\src\\database\\data-source.ts": {"path":"C:\\Users\\joao.ribeiro\\Desktop\\jr\\Atual\\React\\Ecommerce\\API-REST_E-commerce_Server\\src\\database\\data-source.ts","statementMap":{"0":{"start":{"line":1,"column":0},"end":{"line":1,"column":22}},"1":{"start":{"line":2,"column":0},"end":{"line":2,"column":25}},"2":{"start":{"line":3,"column":0},"end":{"line":3,"column":48}},"3":{"start":{"line":4,"column":0},"end":{"line":4,"column":56}},"4":{"start":{"line":5,"column":0},"end":{"line":5,"column":44}},"5":{"start":{"line":6,"column":0},"end":{"line":6,"column":44}},"6":{"start":{"line":7,"column":0},"end":{"line":7,"column":51}},"7":{"start":{"line":9,"column":13},"end":{"line":9,"column":54}},"8":{"start":{"line":11,"column":13},"end":{"line":27,"column":null}}},"fnMap":{},"branchMap":{},"s":{"0":2,"1":2,"2":2,"3":2,"4":2,"5":2,"6":2,"7":2,"8":2},"f":{},"b":{}}
,"C:\\Users\\joao.ribeiro\\Desktop\\jr\\Atual\\React\\Ecommerce\\API-REST_E-commerce_Server\\src\\entities\\user\\User.ts": {"path":"C:\\Users\\joao.ribeiro\\Desktop\\jr\\Atual\\React\\Ecommerce\\API-REST_E-commerce_Server\\src\\entities\\user\\User.ts","statementMap":{"0":{"start":{"line":1,"column":0},"end":{"line":1,"column":null}},"1":{"start":{"line":10,"column":2},"end":{"line":10,"column":45}},"2":{"start":{"line":11,"column":2},"end":{"line":11,"column":44}},"3":{"start":{"line":12,"column":2},"end":{"line":12,"column":32}},"4":{"start":{"line":15,"column":9},"end":{"line":40,"column":null}},"5":{"start":{"line":16,"column":4},"end":{"line":17,"column":null}},"6":{"start":{"line":19,"column":4},"end":{"line":20,"column":null}},"7":{"start":{"line":22,"column":4},"end":{"line":23,"column":null}},"8":{"start":{"line":25,"column":4},"end":{"line":31,"column":null}},"9":{"start":{"line":25,"column":22},"end":{"line":25,"column":26}},"10":{"start":{"line":33,"column":4},"end":{"line":39,"column":null}},"11":{"start":{"line":33,"column":22},"end":{"line":33,"column":32}},"12":{"start":{"line":15,"column":15},"end":{"line":40,"column":null}},"13":{"start":{"line":15,"column":15},"end":{"line":15,"column":19}}},"fnMap":{"0":{"name":"(anonymous_2)","decl":{"start":{"line":25,"column":16},"end":{"line":25,"column":19}},"loc":{"start":{"line":25,"column":22},"end":{"line":25,"column":26}}},"1":{"name":"(anonymous_3)","decl":{"start":{"line":33,"column":16},"end":{"line":33,"column":19}},"loc":{"start":{"line":33,"column":22},"end":{"line":33,"column":32}}}},"branchMap":{},"s":{"0":3,"1":3,"2":3,"3":3,"4":3,"5":3,"6":3,"7":3,"8":3,"9":5,"10":3,"11":5,"12":3,"13":3},"f":{"0":5,"1":5},"b":{}}
,"C:\\Users\\joao.ribeiro\\Desktop\\jr\\Atual\\React\\Ecommerce\\API-REST_E-commerce_Server\\src\\middlewares\\ErrorMiddlewares.ts": {"path":"C:\\Users\\joao.ribeiro\\Desktop\\jr\\Atual\\React\\Ecommerce\\API-REST_E-commerce_Server\\src\\middlewares\\ErrorMiddlewares.ts","statementMap":{"0":{"start":{"line":4,"column":31},"end":{"line":13,"column":1}},"1":{"start":{"line":10,"column":20},"end":{"line":10,"column":43}},"2":{"start":{"line":11,"column":17},"end":{"line":11,"column":75}},"3":{"start":{"line":12,"column":1},"end":{"line":12,"column":null}},"4":{"start":{"line":4,"column":13},"end":{"line":4,"column":31}}},"fnMap":{"0":{"name":"(anonymous_0)","decl":{"start":{"line":4,"column":31},"end":{"line":4,"column":null}},"loc":{"start":{"line":9,"column":4},"end":{"line":13,"column":1}}}},"branchMap":{"0":{"loc":{"start":{"line":10,"column":20},"end":{"line":10,"column":43}},"type":"cond-expr","locations":[{"start":{"line":10,"column":36},"end":{"line":10,"column":40}},{"start":{"line":10,"column":40},"end":{"line":10,"column":43}}]},"1":{"loc":{"start":{"line":10,"column":20},"end":{"line":10,"column":40}},"type":"binary-expr","locations":[{"start":{"line":10,"column":20},"end":{"line":10,"column":40}},{"start":{"line":10,"column":36},"end":{"line":10,"column":40}}]},"2":{"loc":{"start":{"line":11,"column":17},"end":{"line":11,"column":75}},"type":"cond-expr","locations":[{"start":{"line":11,"column":36},"end":{"line":11,"column":49}},{"start":{"line":11,"column":52},"end":{"line":11,"column":75}}]}},"s":{"0":1,"1":0,"2":0,"3":0,"4":1},"f":{"0":0},"b":{"0":[0,0],"1":[0,0],"2":[0,0]}}
,"C:\\Users\\joao.ribeiro\\Desktop\\jr\\Atual\\React\\Ecommerce\\API-REST_E-commerce_Server\\src\\model\\user\\CreateUserService.ts": {"path":"C:\\Users\\joao.ribeiro\\Desktop\\jr\\Atual\\React\\Ecommerce\\API-REST_E-commerce_Server\\src\\model\\user\\CreateUserService.ts","statementMap":{"0":{"start":{"line":1,"column":0},"end":{"line":1,"column":32}},"1":{"start":{"line":16,"column":24},"end":{"line":16,"column":57}},"2":{"start":{"line":19,"column":8},"end":{"line":43,"column":null}},"3":{"start":{"line":20,"column":38},"end":{"line":20,"column":78}},"4":{"start":{"line":22,"column":12},"end":{"line":25,"column":68}},"5":{"start":{"line":24,"column":16},"end":{"line":24,"column":56}},"6":{"start":{"line":27,"column":33},"end":{"line":27,"column":56}},"7":{"start":{"line":29,"column":12},"end":{"line":31,"column":null}},"8":{"start":{"line":30,"column":16},"end":{"line":30,"column":59}},"9":{"start":{"line":33,"column":25},"end":{"line":38,"column":14}},"10":{"start":{"line":40,"column":12},"end":{"line":40,"column":24}},"11":{"start":{"line":42,"column":12},"end":{"line":42,"column":44}},"12":{"start":{"line":15,"column":0},"end":{"line":15,"column":13}}},"fnMap":{"0":{"name":"(anonymous_0)","decl":{"start":{"line":16,"column":4},"end":{"line":16,"column":24}},"loc":{"start":{"line":16,"column":57},"end":{"line":16,"column":62}}},"1":{"name":"(anonymous_1)","decl":{"start":{"line":18,"column":4},"end":{"line":18,"column":9}},"loc":{"start":{"line":18,"column":63},"end":{"line":46,"column":5}}}},"branchMap":{"0":{"loc":{"start":{"line":22,"column":12},"end":{"line":25,"column":68}},"type":"if","locations":[{"start":{"line":22,"column":12},"end":{"line":25,"column":68}}]},"1":{"loc":{"start":{"line":29,"column":12},"end":{"line":31,"column":null}},"type":"if","locations":[{"start":{"line":29,"column":12},"end":{"line":31,"column":null}}]}},"s":{"0":3,"1":2,"2":2,"3":2,"4":2,"5":1,"6":1,"7":1,"8":0,"9":1,"10":1,"11":1,"12":3},"f":{"0":2,"1":2},"b":{"0":[1],"1":[0]}}
,"C:\\Users\\joao.ribeiro\\Desktop\\jr\\Atual\\React\\Ecommerce\\API-REST_E-commerce_Server\\src\\model\\user\\LoginUserService.ts": {"path":"C:\\Users\\joao.ribeiro\\Desktop\\jr\\Atual\\React\\Ecommerce\\API-REST_E-commerce_Server\\src\\model\\user\\LoginUserService.ts","statementMap":{"0":{"start":{"line":1,"column":0},"end":{"line":1,"column":34}},"1":{"start":{"line":2,"column":0},"end":{"line":2,"column":30}},"2":{"start":{"line":3,"column":0},"end":{"line":3,"column":22}},"3":{"start":{"line":29,"column":24},"end":{"line":29,"column":56}},"4":{"start":{"line":32,"column":8},"end":{"line":60,"column":null}},"5":{"start":{"line":33,"column":31},"end":{"line":33,"column":67}},"6":{"start":{"line":35,"column":12},"end":{"line":37,"column":null}},"7":{"start":{"line":36,"column":16},"end":{"line":36,"column":58}},"8":{"start":{"line":39,"column":31},"end":{"line":39,"column":75}},"9":{"start":{"line":41,"column":12},"end":{"line":43,"column":null}},"10":{"start":{"line":42,"column":16},"end":{"line":42,"column":66}},"11":{"start":{"line":45,"column":30},"end":{"line":45,"column":50}},"12":{"start":{"line":47,"column":12},"end":{"line":49,"column":null}},"13":{"start":{"line":48,"column":16},"end":{"line":48,"column":65}},"14":{"start":{"line":51,"column":26},"end":{"line":51,"column":114}},"15":{"start":{"line":53,"column":50},"end":{"line":53,"column":60}},"16":{"start":{"line":54,"column":25},"end":{"line":54,"column":58}},"17":{"start":{"line":56,"column":12},"end":{"line":56,"column":24}},"18":{"start":{"line":58,"column":12},"end":{"line":58,"column":33}},"19":{"start":{"line":59,"column":12},"end":{"line":59,"column":63}},"20":{"start":{"line":95,"column":9},"end":{"line":95,"column":25}}},"fnMap":{"0":{"name":"(anonymous_1)","decl":{"start":{"line":29,"column":4},"end":{"line":29,"column":24}},"loc":{"start":{"line":29,"column":56},"end":{"line":29,"column":61}}},"1":{"name":"(anonymous_2)","decl":{"start":{"line":31,"column":4},"end":{"line":31,"column":9}},"loc":{"start":{"line":31,"column":50},"end":{"line":61,"column":5}}}},"branchMap":{"0":{"loc":{"start":{"line":35,"column":12},"end":{"line":37,"column":null}},"type":"if","locations":[{"start":{"line":35,"column":12},"end":{"line":37,"column":null}}]},"1":{"loc":{"start":{"line":41,"column":12},"end":{"line":43,"column":null}},"type":"if","locations":[{"start":{"line":41,"column":12},"end":{"line":43,"column":null}}]},"2":{"loc":{"start":{"line":47,"column":12},"end":{"line":49,"column":null}},"type":"if","locations":[{"start":{"line":47,"column":12},"end":{"line":49,"column":null}}]}},"s":{"0":2,"1":2,"2":2,"3":4,"4":3,"5":3,"6":3,"7":1,"8":2,"9":2,"10":1,"11":1,"12":1,"13":0,"14":1,"15":1,"16":1,"17":1,"18":0,"19":0,"20":2},"f":{"0":4,"1":3},"b":{"0":[1],"1":[1],"2":[0]}}
,"C:\\Users\\joao.ribeiro\\Desktop\\jr\\Atual\\React\\Ecommerce\\API-REST_E-commerce_Server\\src\\repositories\\typeorm\\TypeormUsersRepository.ts": {"path":"C:\\Users\\joao.ribeiro\\Desktop\\jr\\Atual\\React\\Ecommerce\\API-REST_E-commerce_Server\\src\\repositories\\typeorm\\TypeormUsersRepository.ts","statementMap":{"0":{"start":{"line":2,"column":0},"end":{"line":2,"column":59}},"1":{"start":{"line":5,"column":0},"end":{"line":5,"column":48}},"2":{"start":{"line":9,"column":1},"end":{"line":9,"column":null}},"3":{"start":{"line":12,"column":22},"end":{"line":12,"column":72}},"4":{"start":{"line":14,"column":4},"end":{"line":14,"column":23}},"5":{"start":{"line":19,"column":20},"end":{"line":19,"column":80}},"6":{"start":{"line":21,"column":4},"end":{"line":21,"column":null}},"7":{"start":{"line":23,"column":4},"end":{"line":23,"column":19}},"8":{"start":{"line":28,"column":22},"end":{"line":34,"column":6}},"9":{"start":{"line":36,"column":4},"end":{"line":36,"column":null}},"10":{"start":{"line":42,"column":22},"end":{"line":48,"column":6}},"11":{"start":{"line":50,"column":4},"end":{"line":52,"column":null}},"12":{"start":{"line":51,"column":6},"end":{"line":51,"column":null}},"13":{"start":{"line":54,"column":4},"end":{"line":54,"column":null}},"14":{"start":{"line":55,"column":4},"end":{"line":55,"column":null}},"15":{"start":{"line":57,"column":18},"end":{"line":57,"column":59}},"16":{"start":{"line":59,"column":4},"end":{"line":59,"column":null}},"17":{"start":{"line":66,"column":4},"end":{"line":87,"column":null}},"18":{"start":{"line":68,"column":27},"end":{"line":68,"column":85}},"19":{"start":{"line":70,"column":6},"end":{"line":72,"column":null}},"20":{"start":{"line":71,"column":8},"end":{"line":71,"column":51}},"21":{"start":{"line":75,"column":6},"end":{"line":75,"column":44}},"22":{"start":{"line":76,"column":6},"end":{"line":76,"column":50}},"23":{"start":{"line":77,"column":6},"end":{"line":77,"column":42}},"24":{"start":{"line":78,"column":6},"end":{"line":78,"column":44}},"25":{"start":{"line":81,"column":26},"end":{"line":81,"column":70}},"26":{"start":{"line":83,"column":6},"end":{"line":83,"column":25}},"27":{"start":{"line":85,"column":6},"end":{"line":85,"column":57}},"28":{"start":{"line":86,"column":6},"end":{"line":86,"column":52}},"29":{"start":{"line":93,"column":23},"end":{"line":93,"column":59}},"30":{"start":{"line":95,"column":4},"end":{"line":97,"column":null}},"31":{"start":{"line":96,"column":6},"end":{"line":96,"column":60}},"32":{"start":{"line":99,"column":4},"end":{"line":99,"column":null}},"33":{"start":{"line":103,"column":9},"end":{"line":103,"column":31}}},"fnMap":{"0":{"name":"(anonymous_0)","decl":{"start":{"line":8,"column":0},"end":{"line":8,"column":6}},"loc":{"start":{"line":8,"column":0},"end":{"line":101,"column":1}}},"1":{"name":"(anonymous_1)","decl":{"start":{"line":10,"column":2},"end":{"line":10,"column":7}},"loc":{"start":{"line":10,"column":28},"end":{"line":15,"column":3}}},"2":{"name":"(anonymous_2)","decl":{"start":{"line":17,"column":2},"end":{"line":17,"column":7}},"loc":{"start":{"line":17,"column":53},"end":{"line":24,"column":3}}},"3":{"name":"(anonymous_3)","decl":{"start":{"line":26,"column":2},"end":{"line":26,"column":7}},"loc":{"start":{"line":26,"column":25},"end":{"line":37,"column":3}}},"4":{"name":"(anonymous_4)","decl":{"start":{"line":39,"column":2},"end":{"line":39,"column":7}},"loc":{"start":{"line":41,"column":71},"end":{"line":60,"column":3}}},"5":{"name":"(anonymous_5)","decl":{"start":{"line":62,"column":2},"end":{"line":62,"column":7}},"loc":{"start":{"line":64,"column":80},"end":{"line":88,"column":3}}},"6":{"name":"(anonymous_6)","decl":{"start":{"line":91,"column":2},"end":{"line":91,"column":7}},"loc":{"start":{"line":91,"column":25},"end":{"line":100,"column":3}}}},"branchMap":{"0":{"loc":{"start":{"line":50,"column":4},"end":{"line":52,"column":null}},"type":"if","locations":[{"start":{"line":50,"column":4},"end":{"line":52,"column":null}}]},"1":{"loc":{"start":{"line":70,"column":6},"end":{"line":72,"column":null}},"type":"if","locations":[{"start":{"line":70,"column":6},"end":{"line":72,"column":null}}]},"2":{"loc":{"start":{"line":95,"column":4},"end":{"line":97,"column":null}},"type":"if","locations":[{"start":{"line":95,"column":4},"end":{"line":97,"column":null}}]}},"s":{"0":2,"1":2,"2":4,"3":1,"4":1,"5":0,"6":0,"7":0,"8":3,"9":3,"10":0,"11":0,"12":0,"13":0,"14":0,"15":0,"16":0,"17":0,"18":0,"19":0,"20":0,"21":0,"22":0,"23":0,"24":0,"25":0,"26":0,"27":0,"28":0,"29":0,"30":0,"31":0,"32":0,"33":2},"f":{"0":4,"1":1,"2":0,"3":3,"4":0,"5":0,"6":0},"b":{"0":[0],"1":[0],"2":[0]}}
,"C:\\Users\\joao.ribeiro\\Desktop\\jr\\Atual\\React\\Ecommerce\\API-REST_E-commerce_Server\\src\\routes\\Routes.ts": {"path":"C:\\Users\\joao.ribeiro\\Desktop\\jr\\Atual\\React\\Ecommerce\\API-REST_E-commerce_Server\\src\\routes\\Routes.ts","statementMap":{"0":{"start":{"line":1,"column":0},"end":{"line":1,"column":32}},"1":{"start":{"line":2,"column":0},"end":{"line":2,"column":74}},"2":{"start":{"line":3,"column":0},"end":{"line":3,"column":74}},"3":{"start":{"line":4,"column":0},"end":{"line":4,"column":85}},"4":{"start":{"line":5,"column":0},"end":{"line":5,"column":72}},"5":{"start":{"line":6,"column":0},"end":{"line":6,"column":88}},"6":{"start":{"line":7,"column":0},"end":{"line":7,"column":62}},"7":{"start":{"line":8,"column":0},"end":{"line":8,"column":82}},"8":{"start":{"line":9,"column":0},"end":{"line":9,"column":94}},"9":{"start":{"line":10,"column":0},"end":{"line":10,"column":102}},"10":{"start":{"line":11,"column":0},"end":{"line":11,"column":56}},"11":{"start":{"line":13,"column":15},"end":{"line":13,"column":23}},"12":{"start":{"line":15,"column":0},"end":{"line":17,"column":5}},"13":{"start":{"line":16,"column":4},"end":{"line":16,"column":27}},"14":{"start":{"line":20,"column":0},"end":{"line":20,"column":null}},"15":{"start":{"line":21,"column":0},"end":{"line":21,"column":null}},"16":{"start":{"line":23,"column":0},"end":{"line":23,"column":null}},"17":{"start":{"line":26,"column":0},"end":{"line":26,"column":null}},"18":{"start":{"line":29,"column":0},"end":{"line":29,"column":null}},"19":{"start":{"line":30,"column":0},"end":{"line":30,"column":null}},"20":{"start":{"line":31,"column":0},"end":{"line":31,"column":null}},"21":{"start":{"line":34,"column":0},"end":{"line":34,"column":null}},"22":{"start":{"line":38,"column":0},"end":{"line":38,"column":null}}},"fnMap":{"0":{"name":"(anonymous_0)","decl":{"start":{"line":15,"column":16},"end":{"line":15,"column":26}},"loc":{"start":{"line":15,"column":34},"end":{"line":17,"column":3}}}},"branchMap":{},"s":{"0":1,"1":1,"2":1,"3":1,"4":1,"5":1,"6":1,"7":1,"8":1,"9":1,"10":1,"11":1,"12":1,"13":1,"14":1,"15":1,"16":1,"17":1,"18":1,"19":1,"20":1,"21":1,"22":1},"f":{"0":1},"b":{}}
,"C:\\Users\\joao.ribeiro\\Desktop\\jr\\Atual\\React\\Ecommerce\\API-REST_E-commerce_Server\\test\\common\\TestUtilUser.ts": {"path":"C:\\Users\\joao.ribeiro\\Desktop\\jr\\Atual\\React\\Ecommerce\\API-REST_E-commerce_Server\\test\\common\\TestUtilUser.ts","statementMap":{"0":{"start":{"line":2,"column":0},"end":{"line":2,"column":36}},"1":{"start":{"line":5,"column":13},"end":{"line":11,"column":2}},"2":{"start":{"line":13,"column":13},"end":{"line":21,"column":2}},"3":{"start":{"line":23,"column":13},"end":{"line":33,"column":null}}},"fnMap":{},"branchMap":{},"s":{"0":1,"1":1,"2":1,"3":1},"f":{},"b":{}}
}
