TN:
SF:src\database\data-source.ts
FNF:0
FNH:0
DA:1,2
DA:2,2
DA:3,2
DA:4,2
DA:5,2
DA:6,2
DA:7,2
DA:9,2
DA:11,2
LF:9
LH:9
BRF:0
BRH:0
end_of_record
TN:
SF:src\entities\user\User.ts
FN:25,(anonymous_2)
FN:33,(anonymous_3)
FNF:2
FNH:2
FNDA:5,(anonymous_2)
FNDA:5,(anonymous_3)
DA:1,3
DA:10,3
DA:11,3
DA:12,3
DA:15,3
DA:16,3
DA:19,3
DA:22,3
DA:25,5
DA:33,5
LF:10
LH:10
BRF:0
BRH:0
end_of_record
TN:
SF:src\middlewares\ErrorMiddlewares.ts
FN:4,(anonymous_0)
FNF:1
FNH:0
FNDA:0,(anonymous_0)
DA:4,1
DA:10,0
DA:11,0
DA:12,0
LF:4
LH:1
BRDA:10,0,0,0
BRDA:10,0,1,0
BRDA:10,1,0,0
BRDA:10,1,1,0
BRDA:11,2,0,0
BRDA:11,2,1,0
BRF:6
BRH:0
end_of_record
TN:
SF:src\model\user\CreateUserService.ts
FN:16,(anonymous_0)
FN:18,(anonymous_1)
FNF:2
FNH:2
FNDA:2,(anonymous_0)
FNDA:2,(anonymous_1)
DA:1,3
DA:15,3
DA:16,2
DA:19,2
DA:20,2
DA:22,2
DA:24,1
DA:27,1
DA:29,1
DA:30,0
DA:33,1
DA:40,1
DA:42,1
LF:13
LH:12
BRDA:22,0,0,1
BRDA:29,1,0,0
BRF:2
BRH:1
end_of_record
TN:
SF:src\model\user\LoginUserService.ts
FN:29,(anonymous_1)
FN:31,(anonymous_2)
FNF:2
FNH:2
FNDA:4,(anonymous_1)
FNDA:3,(anonymous_2)
DA:1,2
DA:2,2
DA:3,2
DA:29,4
DA:32,3
DA:33,3
DA:35,3
DA:36,1
DA:39,2
DA:41,2
DA:42,1
DA:45,1
DA:47,1
DA:48,0
DA:51,1
DA:53,1
DA:54,1
DA:56,1
DA:58,0
DA:59,0
DA:95,2
LF:21
LH:18
BRDA:35,0,0,1
BRDA:41,1,0,1
BRDA:47,2,0,0
BRF:3
BRH:2
end_of_record
TN:
SF:src\repositories\typeorm\TypeormUsersRepository.ts
FN:8,(anonymous_0)
FN:10,(anonymous_1)
FN:17,(anonymous_2)
FN:26,(anonymous_3)
FN:39,(anonymous_4)
FN:62,(anonymous_5)
FN:91,(anonymous_6)
FNF:7
FNH:3
FNDA:4,(anonymous_0)
FNDA:1,(anonymous_1)
FNDA:0,(anonymous_2)
FNDA:3,(anonymous_3)
FNDA:0,(anonymous_4)
FNDA:0,(anonymous_5)
FNDA:0,(anonymous_6)
DA:2,2
DA:5,2
DA:9,4
DA:12,1
DA:14,1
DA:19,0
DA:21,0
DA:23,0
DA:28,3
DA:36,3
DA:42,0
DA:50,0
DA:51,0
DA:54,0
DA:55,0
DA:57,0
DA:59,0
DA:66,0
DA:68,0
DA:70,0
DA:71,0
DA:75,0
DA:76,0
DA:77,0
DA:78,0
DA:81,0
DA:83,0
DA:85,0
DA:86,0
DA:93,0
DA:95,0
DA:96,0
DA:99,0
DA:103,2
LF:34
LH:8
BRDA:50,0,0,0
BRDA:70,1,0,0
BRDA:95,2,0,0
BRF:3
BRH:0
end_of_record
TN:
SF:src\routes\Routes.ts
FN:15,(anonymous_0)
FNF:1
FNH:1
FNDA:1,(anonymous_0)
DA:1,1
DA:2,1
DA:3,1
DA:4,1
DA:5,1
DA:6,1
DA:7,1
DA:8,1
DA:9,1
DA:10,1
DA:11,1
DA:13,1
DA:15,1
DA:16,1
DA:20,1
DA:21,1
DA:23,1
DA:26,1
DA:29,1
DA:30,1
DA:31,1
DA:34,1
DA:38,1
LF:23
LH:23
BRF:0
BRH:0
end_of_record
TN:
SF:test\common\TestUtilUser.ts
FNF:0
FNH:0
DA:2,1
DA:5,1
DA:13,1
DA:23,1
LF:4
LH:4
BRF:0
BRH:0
end_of_record
